<?xml version="1.0" encoding="UTF-8"?>
<testsuite name="me.shinsunyoung.springbootdeveloper.config.jwt.TokenProviderTest" tests="5" skipped="0" failures="0" errors="0" timestamp="2024-06-30T07:04:37" hostname="DESKTOP-2F5CHPG" time="0.883">
  <properties/>
  <testcase name="validToken(): 유효한 토큰인 경우에 유효성 검증에 성공한다." classname="me.shinsunyoung.springbootdeveloper.config.jwt.TokenProviderTest" time="0.74"/>
  <testcase name="validToken(): 만료된 토큰인 경우에 유효성 검증에 실패한다." classname="me.shinsunyoung.springbootdeveloper.config.jwt.TokenProviderTest" time="0.006"/>
  <testcase name="getAuthentication(): 토큰 기반으로 인증정보를 가져올 수 있다." classname="me.shinsunyoung.springbootdeveloper.config.jwt.TokenProviderTest" time="0.012"/>
  <testcase name="getUserId(): 토큰으로 유저 ID를 가져올 수 있다." classname="me.shinsunyoung.springbootdeveloper.config.jwt.TokenProviderTest" time="0.008"/>
  <testcase name="generateToken(): 유저 정보와 만료 기간을 전달해 토큰을 만들 수 있다." classname="me.shinsunyoung.springbootdeveloper.config.jwt.TokenProviderTest" time="0.11"/>
  <system-out><![CDATA[16:04:31.151 [Test worker] INFO org.springframework.test.context.support.AnnotationConfigContextLoaderUtils -- Could not detect default configuration classes for test class [me.shinsunyoung.springbootdeveloper.config.jwt.TokenProviderTest]: TokenProviderTest does not declare any static, non-private, non-final, nested classes annotated with @Configuration.
16:04:31.336 [Test worker] INFO org.springframework.boot.test.context.SpringBootTestContextBootstrapper -- Found @SpringBootConfiguration me.shinsunyoung.springbootdeveloper.SpringBootDeveloperApplication for test class me.shinsunyoung.springbootdeveloper.config.jwt.TokenProviderTest

  .   ____          _            __ _ _
 /\\ / ___'_ __ _ _(_)_ __  __ _ \ \ \ \
( ( )\___ | '_ | '_| | '_ \/ _` | \ \ \ \
 \\/  ___)| |_)| | | | | || (_| |  ) ) ) )
  '  |____| .__|_| |_|_| |_\__, | / / / /
 =========|_|==============|___/=/_/_/_/
 :: Spring Boot ::                (v3.2.0)

2024-06-30T16:04:31.918+09:00  INFO 15184 --- [    Test worker] m.s.s.config.jwt.TokenProviderTest       : Starting TokenProviderTest using Java 17.0.11 with PID 15184 (started by BSH in C:\Users\BSH\Downloads\백업용파일\백업용파일\BLog2)
2024-06-30T16:04:31.918+09:00  INFO 15184 --- [    Test worker] m.s.s.config.jwt.TokenProviderTest       : No active profile set, falling back to 1 default profile: "default"
2024-06-30T16:04:33.155+09:00  INFO 15184 --- [    Test worker] .s.d.r.c.RepositoryConfigurationDelegate : Bootstrapping Spring Data JPA repositories in DEFAULT mode.
2024-06-30T16:04:33.256+09:00  INFO 15184 --- [    Test worker] .s.d.r.c.RepositoryConfigurationDelegate : Finished Spring Data repository scanning in 91 ms. Found 3 JPA repository interfaces.
2024-06-30T16:04:34.027+09:00  INFO 15184 --- [    Test worker] com.zaxxer.hikari.HikariDataSource       : HikariPool-1 - Starting...
2024-06-30T16:04:34.243+09:00  INFO 15184 --- [    Test worker] com.zaxxer.hikari.pool.HikariPool        : HikariPool-1 - Added connection conn0: url=jdbc:h2:mem:f9f847df-fed7-4115-8bd6-c9e5411c5f36 user=SA
2024-06-30T16:04:34.258+09:00  INFO 15184 --- [    Test worker] com.zaxxer.hikari.HikariDataSource       : HikariPool-1 - Start completed.
2024-06-30T16:04:34.327+09:00  INFO 15184 --- [    Test worker] o.hibernate.jpa.internal.util.LogHelper  : HHH000204: Processing PersistenceUnitInfo [name: default]
2024-06-30T16:04:34.428+09:00  INFO 15184 --- [    Test worker] org.hibernate.Version                    : HHH000412: Hibernate ORM core version 6.3.1.Final
2024-06-30T16:04:34.497+09:00  INFO 15184 --- [    Test worker] o.h.c.internal.RegionFactoryInitiator    : HHH000026: Second-level cache disabled
2024-06-30T16:04:34.898+09:00  INFO 15184 --- [    Test worker] o.s.o.j.p.SpringPersistenceUnitInfo      : No LoadTimeWeaver setup: ignoring JPA class transformer
2024-06-30T16:04:36.047+09:00  INFO 15184 --- [    Test worker] o.h.e.t.j.p.i.JtaPlatformInitiator       : HHH000489: No JTA platform available (set 'hibernate.transaction.jta.platform' to enable JTA platform integration)
Hibernate: 
    drop table if exists article cascade 
Hibernate: 
    drop table if exists refresh_token cascade 
Hibernate: 
    drop table if exists users cascade 
Hibernate: 
    create table article (
        created_at timestamp(6),
        id bigint generated by default as identity,
        updated_at timestamp(6),
        author varchar(255) not null,
        content varchar(255) not null,
        title varchar(255) not null,
        primary key (id)
    )
Hibernate: 
    create table refresh_token (
        id bigint generated by default as identity,
        user_id bigint not null unique,
        refresh_token varchar(255) not null,
        primary key (id)
    )
Hibernate: 
    create table users (
        id bigint generated by default as identity,
        email varchar(255) not null unique,
        nickname varchar(255) unique,
        password varchar(255),
        primary key (id)
    )
2024-06-30T16:04:36.116+09:00  INFO 15184 --- [    Test worker] j.LocalContainerEntityManagerFactoryBean : Initialized JPA EntityManagerFactory for persistence unit 'default'
2024-06-30T16:04:36.718+09:00  WARN 15184 --- [    Test worker] JpaBaseConfiguration$JpaWebConfiguration : spring.jpa.open-in-view is enabled by default. Therefore, database queries may be performed during view rendering. Explicitly configure spring.jpa.open-in-view to disable this warning
2024-06-30T16:04:37.382+09:00  INFO 15184 --- [    Test worker] o.s.s.web.DefaultSecurityFilterChain     : Will secure any request with [org.springframework.security.web.session.DisableEncodeUrlFilter@3be2ef56, org.springframework.security.web.context.request.async.WebAsyncManagerIntegrationFilter@5a8149f6, org.springframework.security.web.context.SecurityContextHolderFilter@380e470a, org.springframework.security.web.header.HeaderWriterFilter@29280ca6, org.springframework.web.filter.CorsFilter@672549f3, org.springframework.security.oauth2.client.web.OAuth2AuthorizationRequestRedirectFilter@21f27bb5, org.springframework.security.oauth2.client.web.OAuth2LoginAuthenticationFilter@2f59cb6f, me.shinsunyoung.springbootdeveloper.config.TokenAuthenticationFilter@3a5c6009, org.springframework.security.web.savedrequest.RequestCacheAwareFilter@7b45f7ef, org.springframework.security.web.servletapi.SecurityContextHolderAwareRequestFilter@5da41d02, org.springframework.security.web.authentication.AnonymousAuthenticationFilter@4791d904, org.springframework.security.web.session.SessionManagementFilter@32d3b965, org.springframework.security.web.access.ExceptionTranslationFilter@4b20a8e4, org.springframework.security.web.access.intercept.FilterSecurityInterceptor@7bbe5548]
2024-06-30T16:04:37.783+09:00  INFO 15184 --- [    Test worker] o.s.b.a.h2.H2ConsoleAutoConfiguration    : H2 console available at '/h2-console'. Database available at 'jdbc:h2:mem:f9f847df-fed7-4115-8bd6-c9e5411c5f36'
2024-06-30T16:04:37.852+09:00  WARN 15184 --- [    Test worker] o.s.s.c.a.web.builders.WebSecurity       : You are asking Spring Security to ignore org.springframework.boot.autoconfigure.security.servlet.PathRequest$H2ConsoleRequestMatcher@52b2713a. This is not recommended -- please use permitAll via HttpSecurity#authorizeHttpRequests instead.
2024-06-30T16:04:37.852+09:00  INFO 15184 --- [    Test worker] o.s.s.web.DefaultSecurityFilterChain     : Will not secure org.springframework.boot.autoconfigure.security.servlet.PathRequest$H2ConsoleRequestMatcher@52b2713a
2024-06-30T16:04:37.852+09:00  WARN 15184 --- [    Test worker] o.s.s.c.a.web.builders.WebSecurity       : You are asking Spring Security to ignore Ant [pattern='/img/**']. This is not recommended -- please use permitAll via HttpSecurity#authorizeHttpRequests instead.
2024-06-30T16:04:37.852+09:00  INFO 15184 --- [    Test worker] o.s.s.web.DefaultSecurityFilterChain     : Will not secure Ant [pattern='/img/**']
2024-06-30T16:04:37.852+09:00  WARN 15184 --- [    Test worker] o.s.s.c.a.web.builders.WebSecurity       : You are asking Spring Security to ignore Ant [pattern='/css/**']. This is not recommended -- please use permitAll via HttpSecurity#authorizeHttpRequests instead.
2024-06-30T16:04:37.852+09:00  INFO 15184 --- [    Test worker] o.s.s.web.DefaultSecurityFilterChain     : Will not secure Ant [pattern='/css/**']
2024-06-30T16:04:37.852+09:00  WARN 15184 --- [    Test worker] o.s.s.c.a.web.builders.WebSecurity       : You are asking Spring Security to ignore Ant [pattern='/js/**']. This is not recommended -- please use permitAll via HttpSecurity#authorizeHttpRequests instead.
2024-06-30T16:04:37.852+09:00  INFO 15184 --- [    Test worker] o.s.s.web.DefaultSecurityFilterChain     : Will not secure Ant [pattern='/js/**']
2024-06-30T16:04:37.937+09:00  INFO 15184 --- [    Test worker] m.s.s.config.jwt.TokenProviderTest       : Started TokenProviderTest in 6.347 seconds (process running for 8.007)
Hibernate: 
    insert 
    into
        users
        (email, nickname, password, id) 
    values
        (?, ?, ?, default)
]]></system-out>
  <system-err><![CDATA[]]></system-err>
</testsuite>
